[debug] [2026-02-19T08:02:32.522Z] ----------------------------------------------------------------------
[debug] [2026-02-19T08:02:32.557Z] Command:       C:\Program Files\nodejs\node.exe C:\Users\nigel\AppData\Roaming\npm\node_modules\firebase-tools\lib\bin\firebase.js deploy --only hosting
[debug] [2026-02-19T08:02:32.559Z] CLI Version:   14.26.0
[debug] [2026-02-19T08:02:32.559Z] Platform:      win32
[debug] [2026-02-19T08:02:32.559Z] Node Version:  v22.13.1
[debug] [2026-02-19T08:02:32.561Z] Time:          Thu Feb 19 2026 10:02:32 GMT+0200 (Central Africa Time)
[debug] [2026-02-19T08:02:32.561Z] ----------------------------------------------------------------------
[debug] 
[debug] [2026-02-19T08:02:32.567Z] >>> [apiv2][query] GET https://firebase-public.firebaseio.com/cli.json [none]
[debug] [2026-02-19T08:02:34.268Z] > command requires scopes: ["email","openid","https://www.googleapis.com/auth/cloudplatformprojects.readonly","https://www.googleapis.com/auth/firebase","https://www.googleapis.com/auth/cloud-platform"]
[debug] [2026-02-19T08:02:34.269Z] > authorizing via signed-in user (nigelberewere@gmail.com)
[debug] [2026-02-19T08:02:34.270Z] [iam] checking project nigelberewereportfolio for permissions ["firebase.projects.get","firebasehosting.sites.update"]
[debug] [2026-02-19T08:02:34.271Z] Checked if tokens are valid: false, expires at: 1770994290329
[debug] [2026-02-19T08:02:34.271Z] Checked if tokens are valid: false, expires at: 1770994290329
[debug] [2026-02-19T08:02:34.272Z] > refreshing access token with scopes: []
[debug] [2026-02-19T08:02:34.273Z] >>> [apiv2][query] POST https://www.googleapis.com/oauth2/v3/token [none]
[debug] [2026-02-19T08:02:34.273Z] >>> [apiv2][body] POST https://www.googleapis.com/oauth2/v3/token [omitted]
[debug] [2026-02-19T08:02:35.257Z] <<< [apiv2][status] POST https://www.googleapis.com/oauth2/v3/token 200
[debug] [2026-02-19T08:02:35.260Z] <<< [apiv2][body] POST https://www.googleapis.com/oauth2/v3/token [omitted]
[debug] [2026-02-19T08:02:35.290Z] >>> [apiv2][query] POST https://cloudresourcemanager.googleapis.com/v1/projects/nigelberewereportfolio:testIamPermissions [none]
[debug] [2026-02-19T08:02:35.290Z] >>> [apiv2][(partial)header] POST https://cloudresourcemanager.googleapis.com/v1/projects/nigelberewereportfolio:testIamPermissions x-goog-quota-user=projects/nigelberewereportfolio
[debug] [2026-02-19T08:02:35.293Z] >>> [apiv2][body] POST https://cloudresourcemanager.googleapis.com/v1/projects/nigelberewereportfolio:testIamPermissions {"permissions":["firebase.projects.get","firebasehosting.sites.update"]}
[debug] [2026-02-19T08:02:35.722Z] <<< [apiv2][status] GET https://firebase-public.firebaseio.com/cli.json 200
[debug] [2026-02-19T08:02:35.723Z] <<< [apiv2][body] GET https://firebase-public.firebaseio.com/cli.json {"cloudBuildErrorAfter":1594252800000,"cloudBuildWarnAfter":1590019200000,"defaultNode10After":1594252800000,"minVersion":"3.0.5","node8DeploysDisabledAfter":1613390400000,"node8RuntimeDisabledAfter":1615809600000,"node8WarnAfter":1600128000000}
[debug] [2026-02-19T08:02:37.425Z] <<< [apiv2][status] POST https://cloudresourcemanager.googleapis.com/v1/projects/nigelberewereportfolio:testIamPermissions 200
[debug] [2026-02-19T08:02:37.427Z] <<< [apiv2][body] POST https://cloudresourcemanager.googleapis.com/v1/projects/nigelberewereportfolio:testIamPermissions {"permissions":["firebase.projects.get","firebasehosting.sites.update"]}
[debug] [2026-02-19T08:02:37.430Z] Checked if tokens are valid: true, expires at: 1771491754261
[debug] [2026-02-19T08:02:37.431Z] Checked if tokens are valid: true, expires at: 1771491754261
[debug] [2026-02-19T08:02:37.433Z] >>> [apiv2][query] GET https://firebase.googleapis.com/v1beta1/projects/nigelberewereportfolio [none]
[debug] [2026-02-19T08:02:38.885Z] <<< [apiv2][status] GET https://firebase.googleapis.com/v1beta1/projects/nigelberewereportfolio 200
[debug] [2026-02-19T08:02:38.886Z] <<< [apiv2][body] GET https://firebase.googleapis.com/v1beta1/projects/nigelberewereportfolio {"projectId":"nigelberewereportfolio","projectNumber":"174122977912","displayName":"nigelberewere","name":"projects/nigelberewereportfolio","resources":{"hostingSite":"nigelberewereportfolio"},"state":"ACTIVE","etag":"1_04155cda-925b-44fa-b51c-4211723e97ba"}
[info] 
[info] === Deploying to 'nigelberewereportfolio'...
[info] 
[info] i  deploying hosting 
[debug] [2026-02-19T08:02:38.922Z] Checked if tokens are valid: true, expires at: 1771491754261
[debug] [2026-02-19T08:02:38.923Z] Checked if tokens are valid: true, expires at: 1771491754261
[debug] [2026-02-19T08:02:38.923Z] >>> [apiv2][query] POST https://firebasehosting.googleapis.com/v1beta1/projects/-/sites/nigelberewereportfolio/versions [none]
[debug] [2026-02-19T08:02:38.923Z] >>> [apiv2][body] POST https://firebasehosting.googleapis.com/v1beta1/projects/-/sites/nigelberewereportfolio/versions {"status":"CREATED","labels":{"deployment-tool":"cli-firebase"}}
[debug] [2026-02-19T08:02:42.651Z] <<< [apiv2][status] POST https://firebasehosting.googleapis.com/v1beta1/projects/-/sites/nigelberewereportfolio/versions 200
